<?xml version="1.0" encoding="UTF-8"?><testsuite errors="0" failures="1" name="As a Xero User," skipped="0" tests="14" time="494.2" timestamp="2020-10-28 06:24:57"><testcase name="Adding ANZ (NZ) bank account to Demo Company"/><testcase name="Adding multiple ANZ (NZ) bank account to Demo Company"/><testcase name="Validating the UI error while adding account"><failure message="expected:&lt;Account Name required&gt; but was:&lt;[[ChromeDriver: chrome on WINDOWS (9ef5d947bcbaf1858371facf4b4c12a2)] -&gt; css selector: div[data-ref=errorEl] ul li]&gt;" type="java.lang.AssertionError">expected:&lt;Account Name required&gt; but was:&lt;[[ChromeDriver: chrome on WINDOWS (9ef5d947bcbaf1858371facf4b4c12a2)] -&gt; css selector: div[data-ref=errorEl] ul li]&gt;</failure><system-err>expected:&lt;Account Name required&gt; but was:&lt;[[ChromeDriver: chrome on WINDOWS (9ef5d947bcbaf1858371facf4b4c12a2)] -&gt; css selector: div[data-ref=errorEl] ul li]&gt;&#13;
com.xero.web.pages.BankAccountPage.validateAccountNameAndTypeError(BankAccountPage.java:240)&#13;
com.xero.web.steps.serenity.BankAccountSteps.validateEmptyValueError(BankAccountSteps.java:52)&#13;
com.xero.web.stepdefinition.AddBankAccount.the_appropriate_UI_error_should_be_displayed(AddBankAccount.java:62)&#13;
âœ½.the appropriate "Missing" UI error should be displayed(src/test/resources/features/AddBankAccount/AddBankAccount.feature:42)&#13;
</system-err></testcase></testsuite>